<?xml version="1.0" encoding="UTF-8"?>
<!-- Generated by org.testng.reporters.JUnitReportReporter -->
<testsuite hostname="Batman" failures="0" tests="1" name="TDD.Testcase.Negative_TestCase" time="22.816" errors="0" timestamp="2024-07-18T01:23:46 IST" skipped="0">
  <testcase classname="TDD.Testcase.Negative_TestCase" name="TestValidation" time="22.816"/>
</testsuite> <!-- TDD.Testcase.Negative_TestCase -->
