<?xml version="1.0" encoding="UTF-8"?>
<!-- Generated by org.testng.reporters.JUnitReportReporter -->
<testsuite hostname="Batman" failures="0" tests="1" name="TDD.Testcase.TestCase_001" time="30.599" errors="0" timestamp="2024-07-18T01:40:36 IST" skipped="0">
  <testcase classname="TDD.Testcase.TestCase_001" name="LoginValidation" time="30.599"/>
</testsuite> <!-- TDD.Testcase.TestCase_001 -->
