<?xml version="1.0" encoding="UTF-8"?>
<!-- Generated by org.testng.reporters.JUnitReportReporter -->
<testsuite hostname="Batman" failures="0" tests="1" name="TDD.Testcase.TestCase_002" time="24.806" errors="0" timestamp="2024-07-18T01:39:39 IST" skipped="0">
  <testcase classname="TDD.Testcase.TestCase_002" name="TestValidation" time="24.806"/>
</testsuite> <!-- TDD.Testcase.TestCase_002 -->
