<?xml version="1.0" encoding="UTF-8"?>
<!-- Generated by org.testng.reporters.JUnitReportReporter -->
<testsuite hostname="Batman" failures="0" tests="1" name="TDD.Testcase.TestCase_001" time="24.471" errors="0" timestamp="2024-07-18T01:05:37 IST" skipped="0">
  <testcase classname="TDD.Testcase.TestCase_001" name="LoginValidation" time="24.471"/>
</testsuite> <!-- TDD.Testcase.TestCase_001 -->
